# JRE version: Java(TM) SE Runtime Environment 18.9 (11.0.16.1+1) (build 11.0.16.1+1-LTS-1)
# Java VM: Java HotSpot(TM) 64-Bit Server VM 18.9 (11.0.16.1+1-LTS-1, mixed mode, tiered, compressed oops, g1 gc, windows-amd64)
Heap:
 garbage-first heap   total 476160K, used 324888K [0x0000000080000000, 0x0000000100000000)
  region size 1024K, 98 young (100352K), 3 survivors (3072K)
 Metaspace       used 147485K, capacity 151859K, committed 152192K, reserved 649216K
  class space    used 18523K, capacity 20265K, committed 20352K, reserved 516096K
GC Heap History (10 events):
Event: 342.304 GC heap before
{Heap before GC invocations=118 (full 0):
 garbage-first heap   total 476160K, used 231770K [0x0000000080000000, 0x0000000100000000)
  region size 1024K, 23 young (23552K), 7 survivors (7168K)
 Metaspace       used 136900K, capacity 140610K, committed 140800K, reserved 638976K
  class space    used 16886K, capacity 18308K, committed 18432K, reserved 516096K
}
Event: 342.315 GC heap after
{Heap after GC invocations=119 (full 0):
 garbage-first heap   total 476160K, used 213427K [0x0000000080000000, 0x0000000100000000)
  region size 1024K, 2 young (2048K), 2 survivors (2048K)
 Metaspace       used 136900K, capacity 140610K, committed 140800K, reserved 638976K
  class space    used 16886K, capacity 18308K, committed 18432K, reserved 516096K
}
Event: 343.871 GC heap before
{Heap before GC invocations=119 (full 0):
 garbage-first heap   total 476160K, used 399795K [0x0000000080000000, 0x0000000100000000)
  region size 1024K, 185 young (189440K), 2 survivors (2048K)
 Metaspace       used 136958K, capacity 140674K, committed 140800K, reserved 638976K
  class space    used 16893K, capacity 18308K, committed 18432K, reserved 516096K
}
Event: 343.875 GC heap after
{Heap after GC invocations=120 (full 0):
 garbage-first heap   total 476160K, used 213758K [0x0000000080000000, 0x0000000100000000)
  region size 1024K, 3 young (3072K), 3 survivors (3072K)
 Metaspace       used 136958K, capacity 140674K, committed 140800K, reserved 638976K
  class space    used 16893K, capacity 18308K, committed 18432K, reserved 516096K
}
Event: 344.196 GC heap before
{Heap before GC invocations=120 (full 0):
 garbage-first heap   total 476160K, used 338686K [0x0000000080000000, 0x0000000100000000)
  region size 1024K, 126 young (129024K), 3 survivors (3072K)
 Metaspace       used 137045K, capacity 140751K, committed 141056K, reserved 638976K
  class space    used 16906K, capacity 18313K, committed 18432K, reserved 516096K
}
Event: 344.199 GC heap after
{Heap after GC invocations=121 (full 0):
 garbage-first heap   total 476160K, used 213864K [0x0000000080000000, 0x0000000100000000)
  region size 1024K, 3 young (3072K), 3 survivors (3072K)
 Metaspace       used 137045K, capacity 140751K, committed 141056K, reserved 638976K
  class space    used 16906K, capacity 18313K, committed 18432K, reserved 516096K
}
Event: 344.819 GC heap before
{Heap before GC invocations=122 (full 0):
 garbage-first heap   total 476160K, used 403304K [0x0000000080000000, 0x0000000100000000)
  region size 1024K, 185 young (189440K), 3 survivors (3072K)
 Metaspace       used 141122K, capacity 144963K, committed 145152K, reserved 643072K
  class space    used 17464K, capacity 18939K, committed 18944K, reserved 516096K
}
Event: 344.830 GC heap after
{Heap after GC invocations=123 (full 0):
 garbage-first heap   total 476160K, used 233030K [0x0000000080000000, 0x0000000100000000)
  region size 1024K, 20 young (20480K), 20 survivors (20480K)
 Metaspace       used 141122K, capacity 144963K, committed 145152K, reserved 643072K
  class space    used 17464K, capacity 18939K, committed 18944K, reserved 516096K
}
Event: 344.840 GC heap before
{Heap before GC invocations=123 (full 0):
 garbage-first heap   total 476160K, used 236102K [0x0000000080000000, 0x0000000100000000)
  region size 1024K, 23 young (23552K), 20 survivors (20480K)
 Metaspace       used 141125K, capacity 144963K, committed 145152K, reserved 643072K
  class space    used 17464K, capacity 18939K, committed 18944K, reserved 516096K
}
Event: 344.858 GC heap after
{Heap after GC invocations=124 (full 0):
 garbage-first heap   total 476160K, used 229656K [0x0000000080000000, 0x0000000100000000)
  region size 1024K, 3 young (3072K), 3 survivors (3072K)
 Metaspace       used 141125K, capacity 144963K, committed 145152K, reserved 643072K
  class space    used 17464K, capacity 18939K, committed 18944K, reserved 516096K
}

